[0m02:46:57.951552 [debug] [MainThread]: Sending event: {'category': 'dbt', 'action': 'invocation', 'label': 'start', 'context': [<snowplow_tracker.self_describing_json.SelfDescribingJson object at 0x10c968980>, <snowplow_tracker.self_describing_json.SelfDescribingJson object at 0x10d8a3750>, <snowplow_tracker.self_describing_json.SelfDescribingJson object at 0x10d8a3890>]}


============================== 02:46:57.953998 | c1463a5b-17d9-4a76-9813-34077b69c72a ==============================
[0m02:46:57.953998 [info ] [MainThread]: Running with dbt=1.11.7
[0m02:46:57.954261 [debug] [MainThread]: running dbt with arguments {'invocation_command': 'dbt init healthcare_dbt', 'no_print': 'None', 'empty': 'None', 'quiet': 'False', 'send_anonymous_usage_stats': 'True', 'printer_width': '80', 'introspect': 'True', 'version_check': 'True', 'fail_fast': 'False', 'use_colors': 'True', 'write_json': 'True', 'use_experimental_parser': 'False', 'target_path': 'None', 'log_cache_events': 'False', 'debug': 'False', 'cache_selected_only': 'False', 'log_path': 'logs', 'warn_error_options': 'WarnErrorOptionsV2(error=[], warn=[], silence=[])', 'profiles_dir': '/Users/fathimasumreen/.dbt', 'static_parser': 'True', 'log_format': 'default', 'warn_error': 'None', 'indirect_selection': 'eager', 'partial_parse': 'True'}
[0m02:46:57.960364 [info ] [MainThread]: Creating dbt configuration folder at /Users/fathimasumreen/.dbt
[0m02:46:57.961090 [debug] [MainThread]: Starter project path: /Users/fathimasumreen/Documents/medallion-pipeline/venv/lib/python3.13/site-packages/dbt/include/starter_project
[0m02:46:57.964092 [info ] [MainThread]: 
Your new dbt project "healthcare_dbt" was created!

For more information on how to configure the profiles.yml file,
please consult the dbt documentation here:

  https://docs.getdbt.com/docs/configure-your-profile

One more thing:

Need help? Don't hesitate to reach out to us via GitHub issues or on Slack:

  https://community.getdbt.com/

Happy modeling!

[0m02:46:57.964316 [info ] [MainThread]: Setting up your profile.
[0m02:47:20.868940 [info ] [MainThread]: Profile healthcare_dbt written to /Users/fathimasumreen/.dbt/profiles.yml using target's sample configuration. Once updated, you'll be able to start developing with dbt.
[0m02:47:20.882674 [debug] [MainThread]: Resource report: {"command_name": "init", "command_success": true, "command_wall_clock_time": 22.962204, "process_in_blocks": "0", "process_kernel_time": 0.114104, "process_mem_max_rss": "111853568", "process_out_blocks": "0", "process_user_time": 0.507095}
[0m02:47:20.883017 [debug] [MainThread]: Command `dbt init` succeeded at 02:47:20.882948 after 22.96 seconds
[0m02:47:20.883191 [debug] [MainThread]: Sending event: {'category': 'dbt', 'action': 'invocation', 'label': 'end', 'context': [<snowplow_tracker.self_describing_json.SelfDescribingJson object at 0x10d8d16e0>, <snowplow_tracker.self_describing_json.SelfDescribingJson object at 0x10d1b8170>, <snowplow_tracker.self_describing_json.SelfDescribingJson object at 0x10da58160>]}
[0m02:47:20.883352 [debug] [MainThread]: Flushing usage events
[0m02:47:21.089297 [debug] [MainThread]: An error was encountered while trying to flush usage events
